d:\svn\eleves\tool\openal\winformcplusplus\debug\vc143.pdb
d:\svn\eleves\tool\openal\winformcplusplus\debug\.netframework,version=v4.7.2.assemblyattributes.obj
d:\svn\eleves\tool\openal\winformcplusplus\debug\player.obj
d:\svn\eleves\tool\openal\winformcplusplus\debug\myform.obj
d:\svn\eleves\tool\openal\winformcplusplus\debug\loadoal.obj
d:\svn\eleves\tool\openal\winformcplusplus\debug\framework.obj
d:\svn\eleves\tool\openal\winformcplusplus\debug\cwaves.obj
d:\svn\eleves\tool\openal\winformcplusplus\debug\aldlist.obj
d:\svn\eleves\tool\openal\debug\winformcplusplus.exe
d:\svn\eleves\tool\openal\debug\winformcplusplus.pdb
d:\svn\eleves\tool\openal\winformcplusplus\debug\winformcplusplus.tlog\cl.command.1.tlog
d:\svn\eleves\tool\openal\winformcplusplus\debug\winformcplusplus.tlog\cl.items.tlog
d:\svn\eleves\tool\openal\winformcplusplus\debug\winformcplusplus.tlog\cl.read.1.tlog
d:\svn\eleves\tool\openal\winformcplusplus\debug\winformcplusplus.tlog\cl.write.1.tlog
d:\svn\eleves\tool\openal\winformcplusplus\debug\winformcplusplus.tlog\link.command.1.tlog
d:\svn\eleves\tool\openal\winformcplusplus\debug\winformcplusplus.tlog\link.read.1.tlog
d:\svn\eleves\tool\openal\winformcplusplus\debug\winformcplusplus.tlog\link.write.1.tlog
d:\svn\eleves\tool\openal\winformcplusplus\debug\winformcplusplus.tlog\metagen.read.1.tlog
d:\svn\eleves\tool\openal\winformcplusplus\debug\winformcplusplus.tlog\metagen.write.1.tlog
d:\svn\eleves\tool\openal\winformcplusplus\debug\winformcplusplus.tlog\resgen.command.1.tlog
d:\svn\eleves\tool\openal\winformcplusplus\debug\winformcplusplus.tlog\resgen.read.1.tlog
d:\svn\eleves\tool\openal\winformcplusplus\debug\winformcplusplus.tlog\resgen.write.1.tlog
