  aldlist.cpp
D:\SVN\Eleves\dhininger\Tools\OpenALProject\WinformCplusplus\framework\Win32\aldlist.cpp(42,19): warning C4858: abandon de la valeur retournée : This member function returns a bool indicating whether the container is empty and has no other effects. It is not useful to call this member function and discard the return value. Use the 'clear()' member function if you want to erase all elements.
D:\SVN\Eleves\dhininger\Tools\OpenALProject\WinformCplusplus\framework\Win32\aldlist.cpp(133,41): warning C4858: abandon de la valeur retournée : This member function returns a bool indicating whether the container is empty and has no other effects. It is not useful to call this member function and discard the return value. Use the 'clear()' member function if you want to erase all elements.
D:\SVN\Eleves\dhininger\Tools\OpenALProject\WinformCplusplus\framework\Win32\aldlist.cpp(138,19): warning C4858: abandon de la valeur retournée : This member function returns a bool indicating whether the container is empty and has no other effects. It is not useful to call this member function and discard the return value. Use the 'clear()' member function if you want to erase all elements.
  CWaves.cpp
  Framework.cpp
D:\SVN\Eleves\dhininger\Tools\OpenALProject\WinformCplusplus\framework\Win32\Framework.cpp(210,2): warning C4996: 'sprintf': This function or variable may be unsafe. Consider using sprintf_s instead. To disable deprecation, use _CRT_SECURE_NO_WARNINGS. See online help for details.
  LoadOAL.cpp
  MyForm.cpp
  Player.cpp
D:\SVN\Eleves\dhininger\Tools\OpenALProject\WinformCplusplus\Player.cpp(19,14): warning C4101: 'iState' : variable locale non référencée
  .NETFramework,Version=v4.7.2.AssemblyAttributes.cpp
  Génération de code en cours...
D:\SVN\Eleves\dhininger\Tools\OpenALProject\WinformCplusplus\Player.cpp(13): warning C4715: 'init' : les chemins de contrôle ne retournent pas tous une valeur
D:\SVN\Eleves\dhininger\Tools\OpenALProject\WinformCplusplus\framework\Win32\Framework.cpp(200): warning C4793: 'ALFWprintf' : fonction compilée en tant que code natif :
  	varargs non pris en charge sous /clr
D:\SVN\Eleves\dhininger\Tools\OpenALProject\WinformCplusplus\framework\Win32\Framework.cpp(202): warning C4793: 'ALFWprintf' : fonction compilée en tant que code natif :
  	un intrinsèque non pris en charge a été trouvé dans le code managé
D:\SVN\Eleves\dhininger\Tools\OpenALProject\WinformCplusplus\framework\Win32\Framework.cpp(204): warning C4793: 'ALFWprintf' : fonction compilée en tant que code natif :
  	un intrinsèque non pris en charge a été trouvé dans le code managé
  aldlist.obj : module MSIL détecté ; liens incrémentiels désactivés pour MSIL ; édition de liens complète en cours
Framework.obj : warning LNK4248: jeton typeref non résolu (0100001B) pour 'ALCdevice_struct' ; l'image risque de ne pas s'exécuter
aldlist.obj : warning LNK4248: jeton typeref non résolu (0100001A) pour 'ALCdevice_struct' ; l'image risque de ne pas s'exécuter
Framework.obj : warning LNK4248: jeton typeref non résolu (0100001A) pour 'ALCcontext_struct' ; l'image risque de ne pas s'exécuter
aldlist.obj : warning LNK4248: jeton typeref non résolu (0100001B) pour 'ALCcontext_struct' ; l'image risque de ne pas s'exécuter
  WinformCplusplus.vcxproj -> D:\SVN\Eleves\dhininger\Tools\OpenALProject\Debug\WinformCplusplus.exe
